<?xml version="1.0" encoding="UTF-8"?>
<testsuite name="h04.PublicTests$ListToIntFunctionTest" tests="2" skipped="0" failures="0" errors="0" timestamp="2022-06-02T10:54:43" hostname="Air-von-Paula.fritz.box" time="0.007">
  <properties/>
  <testcase name="testFunctionOnRationOfInversions()" classname="h04.PublicTests$ListToIntFunctionTest" time="0.002"/>
  <testcase name="testFunctionOnRationOfRuns()" classname="h04.PublicTests$ListToIntFunctionTest" time="0.005"/>
  <system-out><![CDATA[]]></system-out>
  <system-err><![CDATA[]]></system-err>
</testsuite>
