<?xml version="1.0" encoding="UTF-8"?>
<testsuite name="h04.PublicTests$MyCollectionsTest" tests="1" skipped="0" failures="0" errors="0" timestamp="2022-06-02T10:54:43" hostname="Air-von-Paula.fritz.box" time="0.01">
  <properties/>
  <testcase name="testSort()" classname="h04.PublicTests$MyCollectionsTest" time="0.01"/>
  <system-out><![CDATA[]]></system-out>
  <system-err><![CDATA[]]></system-err>
</testsuite>
