<?xml version="1.0" encoding="UTF-8"?>
<testsuite name="h04.PublicTests$DoubleToIntFunctionTest" tests="2" skipped="0" failures="0" errors="0" timestamp="2022-06-02T10:54:43" hostname="Air-von-Paula.fritz.box" time="0.003">
  <properties/>
  <testcase name="testArrayDoubleToIntFunction()" classname="h04.PublicTests$DoubleToIntFunctionTest" time="0.0"/>
  <testcase name="testLinearDoubleToIntFunction()" classname="h04.PublicTests$DoubleToIntFunctionTest" time="0.0"/>
  <system-out><![CDATA[]]></system-out>
  <system-err><![CDATA[]]></system-err>
</testsuite>
