<?xml version="1.0" encoding="UTF-8"?>
<testsuite name="h01.ExampleJUnitTest" tests="1" skipped="0" failures="0" errors="0" timestamp="2022-04-21T19:42:35" hostname="Air-von-Paula.fritz.box" time="0.001">
  <properties/>
  <testcase name="testAddition()" classname="h01.ExampleJUnitTest" time="0.001"/>
  <system-out><![CDATA[]]></system-out>
  <system-err><![CDATA[]]></system-err>
</testsuite>
