<?xml version="1.0" encoding="UTF-8"?>
<testsuite name="h06.ExampleJUnitTest" tests="1" skipped="0" failures="0" errors="0" timestamp="2022-06-24T07:31:12" hostname="Air-von-Paula.fritz.box" time="0.054">
  <properties/>
  <testcase name="testAddition()" classname="h06.ExampleJUnitTest" time="0.054"/>
  <system-out><![CDATA[]]></system-out>
  <system-err><![CDATA[]]></system-err>
</testsuite>
