<?xml version="1.0" encoding="UTF-8"?>
<testsuite name="h06.PublicTests$MyDateTest" tests="4" skipped="0" failures="0" errors="0" timestamp="2022-06-29T07:31:16" hostname="Air-von-Paula.fritz.box" time="0.013">
  <properties/>
  <testcase name="testHashWithTrue()" classname="h06.PublicTests$MyDateTest" time="0.003"/>
  <testcase name="testHashWithFalse()" classname="h06.PublicTests$MyDateTest" time="0.002"/>
  <testcase name="testEquals()" classname="h06.PublicTests$MyDateTest" time="0.004"/>
  <testcase name="testConstructor()" classname="h06.PublicTests$MyDateTest" time="0.001"/>
  <system-out><![CDATA[]]></system-out>
  <system-err><![CDATA[]]></system-err>
</testsuite>
