<?xml version="1.0" encoding="UTF-8"?>
<testsuite name="h06.PublicTests$LinearProbingTest" tests="1" skipped="0" failures="0" errors="0" timestamp="2022-06-29T07:31:16" hostname="Air-von-Paula.fritz.box" time="0.0">
  <properties/>
  <testcase name="testApply()" classname="h06.PublicTests$LinearProbingTest" time="0.0"/>
  <system-out><![CDATA[]]></system-out>
  <system-err><![CDATA[]]></system-err>
</testsuite>
