<?xml version="1.0" encoding="UTF-8"?>
<testsuite name="h03.PublicTests$SelectionOfCharsIndexTest" tests="2" skipped="0" failures="0" errors="0" timestamp="2022-05-20T16:04:51" hostname="Air-von-Paula.fritz.box" time="0.004">
  <properties/>
  <testcase name="testApply()" classname="h03.PublicTests$SelectionOfCharsIndexTest" time="0.002"/>
  <testcase name="testSizeOfAlphabet()" classname="h03.PublicTests$SelectionOfCharsIndexTest" time="0.0"/>
  <system-out><![CDATA[]]></system-out>
  <system-err><![CDATA[]]></system-err>
</testsuite>
