<?xml version="1.0" encoding="UTF-8"?>
<testsuite name="h03.PublicTests$PartialMatchLengthUpdateValuesTest" tests="1" skipped="0" failures="0" errors="0" timestamp="2022-05-20T16:04:51" hostname="Air-von-Paula.fritz.box" time="0.001">
  <properties/>
  <testcase name="testComputePartialMatchLengthUpdateValues()" classname="h03.PublicTests$PartialMatchLengthUpdateValuesTest" time="0.001"/>
  <system-out><![CDATA[]]></system-out>
  <system-err><![CDATA[]]></system-err>
</testsuite>
