<?xml version="1.0" encoding="UTF-8"?>
<testsuite name="h04.ExampleJUnitTest" tests="1" skipped="0" failures="0" errors="0" timestamp="2022-06-02T10:53:06" hostname="Air-von-Paula.fritz.box" time="0.045">
  <properties/>
  <testcase name="testAddition()" classname="h04.ExampleJUnitTest" time="0.045"/>
  <system-out><![CDATA[]]></system-out>
  <system-err><![CDATA[]]></system-err>
</testsuite>
